<?xml version="1.0" encoding="UTF-8"?>
<testsuite xmlns:xsi="http://www.w3.org/2001/XMLSchema-instance" xsi:noNamespaceSchemaLocation="https://maven.apache.org/surefire/maven-surefire-plugin/xsd/surefire-test-report-3.0.xsd" version="3.0" name="com.example.htmlconverter.ConverterTest" time="4.099" tests="3" errors="0" skipped="0" failures="0">
  <properties>
[...]
</properties>
  <testcase name="testWordConversion" classname="com.example.htmlconverter.ConverterTest" time="2.85"/>
  <testcase name="testMarkdownConversion" classname="com.example.htmlconverter.ConverterTest" time="0.03"/>
  <testcase name="testPdfConversion" classname="com.example.htmlconverter.ConverterTest" time="1.099"/>
</testsuite>